# JRE version: OpenJDK Runtime Environment Temurin-21.0.6+7 (21.0.6+7) (build 21.0.6+7-LTS)
# Java VM: OpenJDK 64-Bit Server VM Temurin-21.0.6+7 (21.0.6+7-LTS, mixed mode, emulated-client, sharing, tiered, compressed oops, compressed class ptrs, g1 gc, windows-amd64)
GC Precious Log:
 CardTable entry size: 512
 Card Set container configuration: InlinePtr #cards 4 size 8 Array Of Cards #cards 16 size 48 Howl #buckets 8 coarsen threshold 3686 Howl Bitmap #cards 512 size 80 coarsen threshold 460 Card regions per heap region 1 cards per card region 4096
 CPUs: 8 total, 8 available
 Memory: 12162M
 Large Page Support: Disabled
 NUMA Support: Disabled
 Compressed Oops: Enabled (Zero based)
 Heap Region Size: 2M
 Heap Min Capacity: 8M
 Heap Initial Capacity: 192M
 Heap Max Capacity: 3042M
 Pre-touch: Disabled
 Parallel Workers: 8
 Concurrent Workers: 2
 Concurrent Refinement Workers: 8
 Periodic GC: Disabled
Heap:
 garbage-first heap   total 172032K, used 145061K [0x0000000741e00000, 0x0000000800000000)
  region size 2048K, 47 young (96256K), 4 survivors (8192K)
 Metaspace       used 126240K, committed 127488K, reserved 1179648K
  class space    used 16239K, committed 16832K, reserved 1048576K
GC Heap History (20 events):
Event: 2230.704 GC heap after
{Heap after GC invocations=112 (full 13):
 garbage-first heap   total 172032K, used 69649K [0x0000000741e00000, 0x0000000800000000)
  region size 2048K, 3 young (6144K), 3 survivors (6144K)
 Metaspace       used 120946K, committed 122048K, reserved 1179648K
  class space    used 15734K, committed 16256K, reserved 1048576K
}
Event: 2397.382 GC heap before
{Heap before GC invocations=113 (full 13):
 garbage-first heap   total 172032K, used 149521K [0x0000000741e00000, 0x0000000800000000)
  region size 2048K, 42 young (86016K), 3 survivors (6144K)
 Metaspace       used 120858K, committed 122048K, reserved 1179648K
  class space    used 15711K, committed 16256K, reserved 1048576K
}
Event: 2397.388 GC heap after
{Heap after GC invocations=114 (full 13):
 garbage-first heap   total 172032K, used 68915K [0x0000000741e00000, 0x0000000800000000)
  region size 2048K, 3 young (6144K), 3 survivors (6144K)
 Metaspace       used 120858K, committed 122048K, reserved 1179648K
  class space    used 15711K, committed 16256K, reserved 1048576K
}
Event: 2464.896 GC heap before
{Heap before GC invocations=114 (full 13):
 garbage-first heap   total 172032K, used 109875K [0x0000000741e00000, 0x0000000800000000)
  region size 2048K, 25 young (51200K), 3 survivors (6144K)
 Metaspace       used 121908K, committed 122944K, reserved 1179648K
  class space    used 15835K, committed 16320K, reserved 1048576K
}
Event: 2464.975 GC heap after
{Heap after GC invocations=115 (full 14):
 garbage-first heap   total 172032K, used 47032K [0x0000000741e00000, 0x0000000800000000)
  region size 2048K, 0 young (0K), 0 survivors (0K)
 Metaspace       used 121812K, committed 122944K, reserved 1179648K
  class space    used 15819K, committed 16320K, reserved 1048576K
}
Event: 2465.998 GC heap before
{Heap before GC invocations=115 (full 14):
 garbage-first heap   total 172032K, used 147384K [0x0000000741e00000, 0x0000000800000000)
  region size 2048K, 50 young (102400K), 0 survivors (0K)
 Metaspace       used 122564K, committed 123648K, reserved 1179648K
  class space    used 15921K, committed 16384K, reserved 1048576K
}
Event: 2466.006 GC heap after
{Heap after GC invocations=116 (full 14):
 garbage-first heap   total 172032K, used 56898K [0x0000000741e00000, 0x0000000800000000)
  region size 2048K, 5 young (10240K), 5 survivors (10240K)
 Metaspace       used 122564K, committed 123648K, reserved 1179648K
  class space    used 15921K, committed 16384K, reserved 1048576K
}
Event: 2467.558 GC heap before
{Heap before GC invocations=117 (full 14):
 garbage-first heap   total 172032K, used 142914K [0x0000000741e00000, 0x0000000800000000)
  region size 2048K, 48 young (98304K), 5 survivors (10240K)
 Metaspace       used 123616K, committed 124736K, reserved 1179648K
  class space    used 16014K, committed 16512K, reserved 1048576K
}
Event: 2467.576 GC heap after
{Heap after GC invocations=118 (full 14):
 garbage-first heap   total 172032K, used 62627K [0x0000000741e00000, 0x0000000800000000)
  region size 2048K, 4 young (8192K), 4 survivors (8192K)
 Metaspace       used 123616K, committed 124736K, reserved 1179648K
  class space    used 16014K, committed 16512K, reserved 1048576K
}
Event: 2486.513 GC heap before
{Heap before GC invocations=118 (full 14):
 garbage-first heap   total 172032K, used 144547K [0x0000000741e00000, 0x0000000800000000)
  region size 2048K, 44 young (90112K), 4 survivors (8192K)
 Metaspace       used 124701K, committed 125952K, reserved 1179648K
  class space    used 16135K, committed 16704K, reserved 1048576K
}
Event: 2486.524 GC heap after
{Heap after GC invocations=119 (full 14):
 garbage-first heap   total 172032K, used 69265K [0x0000000741e00000, 0x0000000800000000)
  region size 2048K, 6 young (12288K), 6 survivors (12288K)
 Metaspace       used 124701K, committed 125952K, reserved 1179648K
  class space    used 16135K, committed 16704K, reserved 1048576K
}
Event: 2618.919 GC heap before
{Heap before GC invocations=119 (full 14):
 garbage-first heap   total 172032K, used 145041K [0x0000000741e00000, 0x0000000800000000)
  region size 2048K, 43 young (88064K), 6 survivors (12288K)
 Metaspace       used 125079K, committed 126464K, reserved 1179648K
  class space    used 16190K, committed 16832K, reserved 1048576K
}
Event: 2618.934 GC heap after
{Heap after GC invocations=120 (full 14):
 garbage-first heap   total 172032K, used 71184K [0x0000000741e00000, 0x0000000800000000)
  region size 2048K, 5 young (10240K), 5 survivors (10240K)
 Metaspace       used 125079K, committed 126464K, reserved 1179648K
  class space    used 16190K, committed 16832K, reserved 1048576K
}
Event: 2769.433 GC heap before
{Heap before GC invocations=121 (full 14):
 garbage-first heap   total 172032K, used 144912K [0x0000000741e00000, 0x0000000800000000)
  region size 2048K, 41 young (83968K), 5 survivors (10240K)
 Metaspace       used 124789K, committed 126464K, reserved 1179648K
  class space    used 16116K, committed 16832K, reserved 1048576K
}
Event: 2769.439 GC heap after
{Heap after GC invocations=122 (full 14):
 garbage-first heap   total 172032K, used 70484K [0x0000000741e00000, 0x0000000800000000)
  region size 2048K, 2 young (4096K), 2 survivors (4096K)
 Metaspace       used 124789K, committed 126464K, reserved 1179648K
  class space    used 16116K, committed 16832K, reserved 1048576K
}
Event: 2839.280 GC heap before
{Heap before GC invocations=122 (full 14):
 garbage-first heap   total 172032K, used 105300K [0x0000000741e00000, 0x0000000800000000)
  region size 2048K, 20 young (40960K), 2 survivors (4096K)
 Metaspace       used 124800K, committed 126464K, reserved 1179648K
  class space    used 16119K, committed 16832K, reserved 1048576K
}
Event: 2839.360 GC heap after
{Heap after GC invocations=123 (full 15):
 garbage-first heap   total 172032K, used 47690K [0x0000000741e00000, 0x0000000800000000)
  region size 2048K, 0 young (0K), 0 survivors (0K)
 Metaspace       used 124485K, committed 126464K, reserved 1179648K
  class space    used 16046K, committed 16832K, reserved 1048576K
}
Event: 2842.119 GC heap before
{Heap before GC invocations=123 (full 15):
 garbage-first heap   total 172032K, used 148042K [0x0000000741e00000, 0x0000000800000000)
  region size 2048K, 50 young (102400K), 0 survivors (0K)
 Metaspace       used 125236K, committed 126592K, reserved 1179648K
  class space    used 16152K, committed 16832K, reserved 1048576K
}
Event: 2842.127 GC heap after
{Heap after GC invocations=124 (full 15):
 garbage-first heap   total 172032K, used 56997K [0x0000000741e00000, 0x0000000800000000)
  region size 2048K, 5 young (10240K), 5 survivors (10240K)
 Metaspace       used 125236K, committed 126592K, reserved 1179648K
  class space    used 16152K, committed 16832K, reserved 1048576K
}
Event: 2869.804 GC heap before
{Heap before GC invocations=125 (full 15):
 garbage-first heap   total 172032K, used 145061K [0x0000000741e00000, 0x0000000800000000)
  region size 2048K, 48 young (98304K), 5 survivors (10240K)
 Metaspace       used 126240K, committed 127488K, reserved 1179648K
  class space    used 16239K, committed 16832K, reserved 1048576K
}

